<?xml version="1.0" encoding="UTF-8"?>
<testsuite name="ScanOperatorTest" tests="2" skipped="0" failures="0" errors="0" timestamp="2024-09-14T16:25:20" hostname="dhcp-vl2042-5118.redrover.cornell.edu" time="0.015">
  <properties/>
  <testcase name="testQuery1GetNextTuple()" classname="ScanOperatorTest" time="0.012"/>
  <testcase name="testQuery1Reset()" classname="ScanOperatorTest" time="0.001"/>
  <system-out><![CDATA[]]></system-out>
  <system-err><![CDATA[]]></system-err>
</testsuite>
