<?xml version="1.0" encoding="UTF-8"?>
<testsuite name="SelectPushTest" tests="1" skipped="0" failures="0" errors="0" timestamp="2024-11-18T22:04:57" hostname="dhcp-vl2041-13990.eduroam.cornell.edu" time="0.107">
  <properties/>
  <testcase name="testQuery2()" classname="SelectPushTest" time="0.107"/>
  <system-out><![CDATA[17:04:57.875 [Test worker] ERROR common.DBCatalog - Cannot invoke "String.split(String)" because "l3" is null
Self table select: [Sailors.A = Sailors.B, Sailors.D <> 55]
Joins: [Sailors.B = Boats.E, Sailors.C <> Boats.G]
Generated select expr: [Boats.E >= 51, Boats.E <= 79, Sailors.B >= 51, Sailors.B <= 79, Sailors.A >= 51, Sailors.A <= 79, Boats.F = 42]
]]></system-out>
  <system-err><![CDATA[]]></system-err>
</testsuite>
