<?xml version="1.0" encoding="UTF-8"?>
<testsuite name="ParserExample2" tests="1" skipped="0" failures="0" errors="0" timestamp="2024-09-13T12:48:31" hostname="dhcp-vl2042-5118.redrover.cornell.edu" time="0.098">
  <properties/>
  <testcase name="parserExampleTest()" classname="ParserExample2" time="0.098"/>
  <system-out><![CDATA[08:48:31.126 [Test worker] INFO  ParserExample2 - Read statement: SELECT * FROM Sailors
08:48:31.135 [Test worker] INFO  ParserExample2 - Select body is SELECT * FROM Sailors
08:48:31.135 [Test worker] INFO  ParserExample2 - From item is Sailors
08:48:31.137 [Test worker] INFO  ParserExample2 - From item is 1,200,50
08:48:31.138 [Test worker] INFO  ParserExample2 - From item is 2,200,200
08:48:31.138 [Test worker] INFO  ParserExample2 - From item is 3,100,105
08:48:31.138 [Test worker] INFO  ParserExample2 - From item is 4,100,50
08:48:31.138 [Test worker] INFO  ParserExample2 - From item is 5,100,500
08:48:31.139 [Test worker] INFO  ParserExample2 - From item is 6,300,400
08:48:31.139 [Test worker] INFO  ParserExample2 - Where is :null
08:48:31.139 [Test worker] INFO  ParserExample2 - Read statement: SELECT Sailors.A FROM Sailors
08:48:31.139 [Test worker] INFO  ParserExample2 - Select body is SELECT Sailors.A FROM Sailors
08:48:31.139 [Test worker] INFO  ParserExample2 - From item is Sailors
08:48:31.140 [Test worker] INFO  ParserExample2 - From item is 1,200,50
08:48:31.140 [Test worker] INFO  ParserExample2 - From item is 2,200,200
08:48:31.140 [Test worker] INFO  ParserExample2 - From item is 3,100,105
08:48:31.140 [Test worker] INFO  ParserExample2 - From item is 4,100,50
08:48:31.140 [Test worker] INFO  ParserExample2 - From item is 5,100,500
08:48:31.141 [Test worker] INFO  ParserExample2 - From item is 6,300,400
08:48:31.141 [Test worker] INFO  ParserExample2 - Where is :null
08:48:31.141 [Test worker] INFO  ParserExample2 - Read statement: SELECT S.A FROM Sailors S
08:48:31.141 [Test worker] INFO  ParserExample2 - Select body is SELECT S.A FROM Sailors S
08:48:31.141 [Test worker] INFO  ParserExample2 - From item is Sailors S
08:48:31.142 [Test worker] INFO  ParserExample2 - From item is 1,200,50
08:48:31.142 [Test worker] INFO  ParserExample2 - From item is 2,200,200
08:48:31.142 [Test worker] INFO  ParserExample2 - From item is 3,100,105
08:48:31.142 [Test worker] INFO  ParserExample2 - From item is 4,100,50
08:48:31.143 [Test worker] INFO  ParserExample2 - From item is 5,100,500
08:48:31.143 [Test worker] INFO  ParserExample2 - From item is 6,300,400
08:48:31.143 [Test worker] INFO  ParserExample2 - Where is :null
08:48:31.143 [Test worker] INFO  ParserExample2 - Read statement: SELECT * FROM Sailors S WHERE S.A < 3
08:48:31.143 [Test worker] INFO  ParserExample2 - Select body is SELECT * FROM Sailors S WHERE S.A < 3
08:48:31.143 [Test worker] INFO  ParserExample2 - From item is Sailors S
08:48:31.144 [Test worker] INFO  ParserExample2 - From item is 1,200,50
08:48:31.144 [Test worker] INFO  ParserExample2 - From item is 2,200,200
08:48:31.145 [Test worker] INFO  ParserExample2 - From item is 3,100,105
08:48:31.145 [Test worker] INFO  ParserExample2 - From item is 4,100,50
08:48:31.145 [Test worker] INFO  ParserExample2 - From item is 5,100,500
08:48:31.145 [Test worker] INFO  ParserExample2 - From item is 6,300,400
08:48:31.145 [Test worker] INFO  ParserExample2 - Where is :S.A < 3
08:48:31.146 [Test worker] INFO  ParserExample2 - Read statement: SELECT * FROM Sailors, Reserves WHERE Sailors.A = Reserves.G
08:48:31.146 [Test worker] INFO  ParserExample2 - Select body is SELECT * FROM Sailors, Reserves WHERE Sailors.A = Reserves.G
08:48:31.146 [Test worker] INFO  ParserExample2 - From item is Sailors
08:48:31.147 [Test worker] INFO  ParserExample2 - From item is 1,200,50
08:48:31.147 [Test worker] INFO  ParserExample2 - From item is 2,200,200
08:48:31.147 [Test worker] INFO  ParserExample2 - From item is 3,100,105
08:48:31.147 [Test worker] INFO  ParserExample2 - From item is 4,100,50
08:48:31.147 [Test worker] INFO  ParserExample2 - From item is 5,100,500
08:48:31.148 [Test worker] INFO  ParserExample2 - From item is 6,300,400
08:48:31.148 [Test worker] INFO  ParserExample2 - Where is :Sailors.A = Reserves.G
08:48:31.148 [Test worker] INFO  ParserExample2 - Read statement: SELECT * FROM Sailors S1, Sailors S2 WHERE S1.A < S2.A
08:48:31.148 [Test worker] INFO  ParserExample2 - Select body is SELECT * FROM Sailors S1, Sailors S2 WHERE S1.A < S2.A
08:48:31.148 [Test worker] INFO  ParserExample2 - From item is Sailors S1
08:48:31.149 [Test worker] INFO  ParserExample2 - From item is 1,200,50
08:48:31.149 [Test worker] INFO  ParserExample2 - From item is 2,200,200
08:48:31.149 [Test worker] INFO  ParserExample2 - From item is 3,100,105
08:48:31.150 [Test worker] INFO  ParserExample2 - From item is 4,100,50
08:48:31.150 [Test worker] INFO  ParserExample2 - From item is 5,100,500
08:48:31.150 [Test worker] INFO  ParserExample2 - From item is 6,300,400
08:48:31.150 [Test worker] INFO  ParserExample2 - Where is :S1.A < S2.A
08:48:31.150 [Test worker] INFO  ParserExample2 - Read statement: SELECT DISTINCT R.G FROM Reserves R
08:48:31.151 [Test worker] INFO  ParserExample2 - Select body is SELECT DISTINCT R.G FROM Reserves R
08:48:31.151 [Test worker] INFO  ParserExample2 - From item is Reserves R
08:48:31.152 [Test worker] INFO  ParserExample2 - From item is 1,101
08:48:31.152 [Test worker] INFO  ParserExample2 - From item is 1,102
08:48:31.152 [Test worker] INFO  ParserExample2 - From item is 1,103
08:48:31.152 [Test worker] INFO  ParserExample2 - From item is 2,101
08:48:31.152 [Test worker] INFO  ParserExample2 - From item is 3,102
08:48:31.152 [Test worker] INFO  ParserExample2 - From item is 4,104
08:48:31.153 [Test worker] INFO  ParserExample2 - Where is :null
08:48:31.153 [Test worker] INFO  ParserExample2 - Read statement: SELECT * FROM Sailors ORDER BY Sailors.B
08:48:31.153 [Test worker] INFO  ParserExample2 - Select body is SELECT * FROM Sailors ORDER BY Sailors.B
08:48:31.153 [Test worker] INFO  ParserExample2 - From item is Sailors
08:48:31.154 [Test worker] INFO  ParserExample2 - From item is 1,200,50
08:48:31.154 [Test worker] INFO  ParserExample2 - From item is 2,200,200
08:48:31.154 [Test worker] INFO  ParserExample2 - From item is 3,100,105
08:48:31.154 [Test worker] INFO  ParserExample2 - From item is 4,100,50
08:48:31.154 [Test worker] INFO  ParserExample2 - From item is 5,100,500
08:48:31.154 [Test worker] INFO  ParserExample2 - From item is 6,300,400
08:48:31.155 [Test worker] INFO  ParserExample2 - Where is :null
08:48:31.155 [Test worker] INFO  ParserExample2 - Read statement: SELECT * FROM Sailors, Reserves WHERE Sailors.A = Reserves.G AND SAILORS.A < 500
08:48:31.155 [Test worker] INFO  ParserExample2 - Select body is SELECT * FROM Sailors, Reserves WHERE Sailors.A = Reserves.G AND SAILORS.A < 500
08:48:31.155 [Test worker] INFO  ParserExample2 - From item is Sailors
08:48:31.156 [Test worker] INFO  ParserExample2 - From item is 1,200,50
08:48:31.156 [Test worker] INFO  ParserExample2 - From item is 2,200,200
08:48:31.156 [Test worker] INFO  ParserExample2 - From item is 3,100,105
08:48:31.156 [Test worker] INFO  ParserExample2 - From item is 4,100,50
08:48:31.156 [Test worker] INFO  ParserExample2 - From item is 5,100,500
08:48:31.157 [Test worker] INFO  ParserExample2 - From item is 6,300,400
08:48:31.157 [Test worker] INFO  ParserExample2 - Where is :Sailors.A = Reserves.G AND SAILORS.A < 500
]]></system-out>
  <system-err><![CDATA[]]></system-err>
</testsuite>
