<?xml version="1.0" encoding="UTF-8"?>
<testsuite name="P2BinaryTest" tests="1" skipped="0" failures="0" errors="0" timestamp="2024-10-10T02:03:32" hostname="dhcp-vl2041-44222.eduroam.cornell.edu" time="0.043">
  <properties/>
  <testcase name="testQuery4()" classname="P2BinaryTest" time="0.043"/>
  <system-out><![CDATA[scan:/Users/savitta/Desktop/cs4320/dbms_project/build/resources/test/binary_samples/input/db/data/Sailors
scan:/Users/savitta/Desktop/cs4320/dbms_project/build/resources/test/binary_samples/input/db/data/Sailors
scan:/Users/savitta/Desktop/cs4320/dbms_project/build/resources/test/binary_samples/input/db/data/Sailors
scan:/Users/savitta/Desktop/cs4320/dbms_project/build/resources/test/binary_samples/input/db/data/Sailors
]]></system-out>
  <system-err><![CDATA[]]></system-err>
</testsuite>
