<?xml version="1.0" encoding="UTF-8"?>
<testsuite name="common.operator.ProjectOperatorTest" tests="4" skipped="0" failures="0" errors="0" timestamp="2024-09-21T00:52:53" hostname="dhcp-vl2041-27801.eduroam.cornell.edu" time="0.006">
  <properties/>
  <testcase name="TestAllColumnProjection()" classname="common.operator.ProjectOperatorTest" time="0.001"/>
  <testcase name="TestMultipleColumnProjection()" classname="common.operator.ProjectOperatorTest" time="0.001"/>
  <testcase name="TestProjectionInSwappedOrder()" classname="common.operator.ProjectOperatorTest" time="0.001"/>
  <testcase name="TestOneColumnProjection()" classname="common.operator.ProjectOperatorTest" time="0.0"/>
  <system-out><![CDATA[]]></system-out>
  <system-err><![CDATA[]]></system-err>
</testsuite>
