<?xml version="1.0" encoding="UTF-8"?>
<testsuite name="common.operator.JoinOperatorTest" tests="5" skipped="0" failures="0" errors="0" timestamp="2024-09-21T00:52:53" hostname="dhcp-vl2041-27801.eduroam.cornell.edu" time="0.032">
  <properties/>
  <testcase name="TestHappyCase()" classname="common.operator.JoinOperatorTest" time="0.008"/>
  <testcase name="AssertNullIfConditionIsFalse()" classname="common.operator.JoinOperatorTest" time="0.006"/>
  <testcase name="AssertNullIfRightIsNull()" classname="common.operator.JoinOperatorTest" time="0.005"/>
  <testcase name="AssertNullIfLeftIsNull()" classname="common.operator.JoinOperatorTest" time="0.005"/>
  <testcase name="resetTest()" classname="common.operator.JoinOperatorTest" time="0.005"/>
  <system-out><![CDATA[]]></system-out>
  <system-err><![CDATA[]]></system-err>
</testsuite>
