<?xml version="1.0" encoding="UTF-8"?>
<testsuite name="SelectOperatorTest" tests="3" skipped="0" failures="0" errors="0" timestamp="2024-09-21T00:52:53" hostname="dhcp-vl2041-27801.eduroam.cornell.edu" time="0.004">
  <properties/>
  <testcase name="getNextTupleTest()" classname="SelectOperatorTest" time="0.001"/>
  <testcase name="assertNullGetNextTuple()" classname="SelectOperatorTest" time="0.001"/>
  <testcase name="resetTest()" classname="SelectOperatorTest" time="0.001"/>
  <system-out><![CDATA[]]></system-out>
  <system-err><![CDATA[]]></system-err>
</testsuite>
