<?xml version="1.0" encoding="UTF-8"?>
<testsuite name="DuplicateEliminationOperatorTest" tests="3" skipped="0" failures="0" errors="0" timestamp="2024-09-21T00:52:53" hostname="dhcp-vl2041-27801.eduroam.cornell.edu" time="0.049">
  <properties/>
  <testcase name="getNextTupleTest()" classname="DuplicateEliminationOperatorTest" time="0.032"/>
  <testcase name="assertNullGetNextTuple()" classname="DuplicateEliminationOperatorTest" time="0.002"/>
  <testcase name="resetTest()" classname="DuplicateEliminationOperatorTest" time="0.013"/>
  <system-out><![CDATA[]]></system-out>
  <system-err><![CDATA[]]></system-err>
</testsuite>
